[16Feb2022 13:58:14] ****** SourceMonitor (V3.5.16.49): Begin Session
[16Feb2022 13:58:14] Command Line Option: Process '/C "C:\mpbComponent\mpbCurrentSensors\CurrentSensing\complexity\mpbCurrentSensors.xml" /L "C:\mpbComponent\mpbCurrentSensors\CurrentSensing\complexity\mpbCurrentSensors.log"'
[16Feb2022 13:58:14] Command File: Process Command File 'C:\mpbComponent\mpbCurrentSensors\CurrentSensing\complexity\mpbCurrentSensors.xml'
[16Feb2022 13:58:14] Command File: Process Commands [Line 9]
[16Feb2022 13:58:14] Command File: Execute Command [Line 41]
[16Feb2022 13:58:14] Command File: Open Project 'C:\mpbComponent\mpbCurrentSensors\CurrentSensing\complexity\mpbCurrentSensorsComplex.smp'
[16Feb2022 13:58:14] Create Checkpoint: Search for checkpoint files using base directory 'C:\mpbComponent\mpbCurrentSensors\CurrentSensing\Sources\'.
[16Feb2022 13:58:14] Command File: Create Checkpoint 'Baseline' dated '2022-01-31T12:24:56'
[16Feb2022 13:58:14] Command File: Export Checkpoint Summary to XML
[16Feb2022 13:58:14] Export Metrics: Begin XML Summary export to file 'C:\mpbComponent\mpbCurrentSensors\CurrentSensing\complexity\dump.xml'.
[16Feb2022 13:58:14] Export Metrics: Export Checkpoint 'Baseline'
[16Feb2022 13:58:14] Export Metrics: End Export Checkpoint Summary to XML
[16Feb2022 13:58:14] Command File: End Export
[16Feb2022 13:58:14] Command File: End Command Execution
[16Feb2022 13:58:14] Command File: Execute Command [Line 258]
[16Feb2022 13:58:14] Command File: Open Project 'C:\mpbComponent\mpbCurrentSensors\CurrentSensing\complexity\mpbCurrentSensorsComplex.smp'
[16Feb2022 13:58:14] Create Checkpoint: Search for checkpoint files using base directory 'C:\mpbComponent\mpbCurrentSensors\CurrentSensing\Sources\'.
[16Feb2022 13:58:14] Command File: Create Checkpoint 'Checkpoint1' dated '2022-02-16T13:58:14'
[16Feb2022 13:58:14] Command File: Export Checkpoint Details to XML
[16Feb2022 13:58:14] Export Metrics: Begin XML Details export to file 'C:\mpbComponent\mpbCurrentSensors\CurrentSensing\complexity\dump.xml'.
[16Feb2022 13:58:14] Export Metrics: Export Checkpoint 'Checkpoint1'
[16Feb2022 13:58:14] Export Metrics: End Export Checkpoint Details to XML
[16Feb2022 13:58:14] Command File: End Export
[16Feb2022 13:58:14] Command File: Checkpoint 'Checkpoint1' deleted
[16Feb2022 13:58:14] Command File: End Command Execution
[16Feb2022 13:58:14] Command File: Execute Command [Line 336]
[16Feb2022 13:58:14] Command File: Open Project 'C:\mpbComponent\mpbCurrentSensors\CurrentSensing\complexity\mpbCurrentSensorsComplex.smp'
[16Feb2022 13:58:14] Create Checkpoint: Search for checkpoint files using base directory 'C:\mpbComponent\mpbCurrentSensors\CurrentSensing\Sources\'.
[16Feb2022 13:58:14] Command File: Create Checkpoint 'Alpha One' dated '2022-02-16T13:58:14'
[16Feb2022 13:58:14] Command File: Export Checkpoint Details to CSV
[16Feb2022 13:58:14] Export Metrics: Begin CSV export to file 'C:\mpbComponent\mpbCurrentSensors\CurrentSensing\complexity\dump.txt'.
[16Feb2022 13:58:14] Export Metrics: Export Checkpoint 'Alpha One'
[16Feb2022 13:58:14] Export Metrics: End Export Checkpoint Details to CSV
[16Feb2022 13:58:14] Command File: End Export
[16Feb2022 13:58:14] Command File: End Command Execution
[16Feb2022 13:58:14] Command File: Execute Command [Line 368]
[16Feb2022 13:58:14] Command File: Open Project 'C:\mpbComponent\mpbCurrentSensors\CurrentSensing\complexity\mpbCurrentSensorsComplex.smp'
[16Feb2022 13:58:14] Command File: Export Checkpoint Details to XML
[16Feb2022 13:58:14] Export Metrics: Begin XML Details export to file 'C:\mpbComponent\mpbCurrentSensors\CurrentSensing\complexity\dump.txt'.
[16Feb2022 13:58:14] Export Metrics: Export Checkpoint 'Alpha One'
[16Feb2022 13:58:14] Export Metrics: Export Checkpoint 'Baseline'
[16Feb2022 13:58:14] Export Metrics: End Export Checkpoint Details to XML
[16Feb2022 13:58:14] Command File: End Export
[16Feb2022 13:58:14] Command File: End Command Execution
[16Feb2022 13:58:14] Command File: End Commands
[16Feb2022 13:58:14] Command File: End Command File Processing
[16Feb2022 13:58:14] ****** SourceMonitor (V3.5.16.49): ****** End Session
