[08Feb2022 15:11:29] ****** SourceMonitor (V3.5.16.49): Begin Session
[08Feb2022 15:11:29] Command Line Option: Process '/C "C:\mpbComponent\mpbTime\complexity\mpbtime.xml" /L "C:\mpbComponent\mpbTime\complexity\mpbtime.log"'
[08Feb2022 15:11:29] Command File: Process Command File 'C:\mpbComponent\mpbTime\complexity\mpbtime.xml'
[08Feb2022 15:11:29] Command File: Process Commands [Line 9]
[08Feb2022 15:11:29] Command File: Execute Command [Line 41]
[08Feb2022 15:11:29] Command File: Open Project 'C:\mpbComponent\mpbtime\complexity\mpbTimeComplex.smp'
[08Feb2022 15:11:29] Create Checkpoint: Search for checkpoint files using base directory 'C:\mpbcomponent\mpbtime\sources\'.
[08Feb2022 15:11:29] Command File: Create Checkpoint 'Baseline' dated '2022-01-31T12:24:56'
[08Feb2022 15:11:29] Command File: Export Checkpoint Summary to XML
[08Feb2022 15:11:29] Export Metrics: Begin XML Summary export to file 'C:\mpbcomponent\mpbtime\complexity\dump.xml'.
[08Feb2022 15:11:29] Export Metrics: Export Checkpoint 'Baseline'
[08Feb2022 15:11:29] Export Metrics: End Export Checkpoint Summary to XML
[08Feb2022 15:11:29] Command File: End Export
[08Feb2022 15:11:29] Command File: End Command Execution
[08Feb2022 15:11:29] Command File: Execute Command [Line 258]
[08Feb2022 15:11:29] Command File: Open Project 'C:\mpbComponent\mpbtime\complexity\mpbTimeComplex.smp'
[08Feb2022 15:11:29] Create Checkpoint: Search for checkpoint files using base directory 'C:\mpbcomponent\mpbtime\sources\'.
[08Feb2022 15:11:29] Command File: Create Checkpoint 'Checkpoint15' dated '2022-02-08T15:11:29'
[08Feb2022 15:11:29] Command File: Export Checkpoint Details to XML
[08Feb2022 15:11:29] Export Metrics: Begin XML Details export to file 'C:\mpbComponent\mpbtime\complexity\dump.xml'.
[08Feb2022 15:11:29] Export Metrics: Export Checkpoint 'Checkpoint15'
[08Feb2022 15:11:29] Export Metrics: End Export Checkpoint Details to XML
[08Feb2022 15:11:29] Command File: End Export
[08Feb2022 15:11:29] Command File: Checkpoint 'Checkpoint15' deleted
[08Feb2022 15:11:29] Command File: End Command Execution
[08Feb2022 15:11:29] Command File: Execute Command [Line 336]
[08Feb2022 15:11:30] Command File: Open Project 'C:\mpbComponent\mpbtime\complexity\mpbTimeComplex.smp'
[08Feb2022 15:11:30] Create Checkpoint: Search for checkpoint files using base directory 'C:\mpbcomponent\mpbtime\sources\'.
[08Feb2022 15:11:30] Command File: Create Checkpoint 'Alpha One' dated '2022-02-08T15:11:30'
[08Feb2022 15:11:30] Command File: Export Checkpoint Details to CSV
[08Feb2022 15:11:30] Export Metrics: Begin CSV export to file 'C:\mpbComponent\mpbtime\complexity\dump.txt'.
[08Feb2022 15:11:30] Export Metrics: Export Checkpoint 'Alpha One'
[08Feb2022 15:11:30] Export Metrics: End Export Checkpoint Details to CSV
[08Feb2022 15:11:30] Command File: End Export
[08Feb2022 15:11:30] Command File: End Command Execution
[08Feb2022 15:11:30] Command File: Execute Command [Line 368]
[08Feb2022 15:11:30] Command File: Open Project 'C:\mpbComponent\mpbtime\complexity\mpbTimeComplex.smp'
[08Feb2022 15:11:30] Command File: Export Checkpoint Details to XML
[08Feb2022 15:11:30] Export Metrics: Begin XML Details export to file 'C:\mpbComponent\mpbtime\complexity\dump.txt'.
[08Feb2022 15:11:30] Export Metrics: Export Checkpoint 'Alpha One'
[08Feb2022 15:11:30] Export Metrics: Export Checkpoint 'Checkpoint14'
[08Feb2022 15:11:30] Command File: End Command Execution
[08Feb2022 15:11:30] Command File: End Commands
[08Feb2022 15:11:30] Command File: End Command File Processing
[08Feb2022 15:11:30] ****** SourceMonitor (V3.5.16.49): ****** End Session
