[01Feb2022 16:43:55] ****** SourceMonitor (V3.5.16.49): Begin Session
[01Feb2022 16:43:55] Command Line Option: Process '/C "C:\mpbComponent\mpbTime\complexity\mpbtime.xml" /L "C:\mpbComponent\mpbTime\complexity\mpbtime.log"'
[01Feb2022 16:43:55] Command File: Process Command File 'C:\mpbComponent\mpbTime\complexity\mpbtime.xml'
[01Feb2022 16:43:55] Command File: Process Commands [Line 9]
[01Feb2022 16:43:55] Command File: Execute Command [Line 41]
[01Feb2022 16:43:55] Command File: Open Project 'C:\mpbComponent\mpbtime\complexity\mpbTimeComplex.smp'
[01Feb2022 16:43:55] Create Checkpoint: Search for checkpoint files using base directory 'C:\mpbcomponent\mpbtime\sources\'.
[01Feb2022 16:43:55] Command File: Create Checkpoint 'Baseline' dated '2022-01-31T12:24:56'
[01Feb2022 16:43:55] Command File: Export Checkpoint Summary to XML
[01Feb2022 16:43:55] Export Metrics: Begin XML Summary export to file 'C:\mpbcomponent\mpbtime\complexity\dump.xml'.
[01Feb2022 16:43:55] Export Metrics: Export Checkpoint 'Baseline'
[01Feb2022 16:43:55] Export Metrics: End Export Checkpoint Summary to XML
[01Feb2022 16:43:55] Command File: End Export
[01Feb2022 16:43:55] Command File: End Command Execution
[01Feb2022 16:43:55] Command File: Execute Command [Line 258]
[01Feb2022 16:43:55] Command File: Open Project 'C:\mpbComponent\mpbtime\complexity\mpbTimeComplex.smp'
[01Feb2022 16:43:55] Create Checkpoint: Search for checkpoint files using base directory 'C:\mpbcomponent\mpbtime\sources\'.
[01Feb2022 16:43:55] Command File: Create Checkpoint 'Checkpoint15' dated '2022-02-01T16:43:55'
[01Feb2022 16:43:55] Command File: Export Checkpoint Details to XML
[01Feb2022 16:43:55] Export Metrics: Begin XML Details export to file 'C:\mpbComponent\mpbtime\complexity\dump.xml'.
[01Feb2022 16:43:55] Export Metrics: Export Checkpoint 'Checkpoint15'
[01Feb2022 16:43:55] Export Metrics: End Export Checkpoint Details to XML
[01Feb2022 16:43:55] Command File: End Export
[01Feb2022 16:43:55] Command File: Checkpoint 'Checkpoint15' deleted
[01Feb2022 16:43:55] Command File: End Command Execution
[01Feb2022 16:43:55] Command File: Execute Command [Line 336]
[01Feb2022 16:43:55] Command File: Open Project 'C:\mpbComponent\mpbtime\complexity\mpbTimeComplex.smp'
[01Feb2022 16:43:55] Create Checkpoint: Search for checkpoint files using base directory 'C:\mpbcomponent\mpbtime\sources\'.
[01Feb2022 16:43:55] Command File: Create Checkpoint 'Alpha One' dated '2022-02-01T16:43:55'
[01Feb2022 16:43:55] Command File: Export Checkpoint Details to CSV
[01Feb2022 16:43:55] Export Metrics: Begin CSV export to file 'C:\mpbComponent\mpbtime\complexity\dump.txt'.
[01Feb2022 16:43:55] Export Metrics: Export Checkpoint 'Alpha One'
[01Feb2022 16:43:55] Export Metrics: End Export Checkpoint Details to CSV
[01Feb2022 16:43:55] Command File: End Export
[01Feb2022 16:43:55] Command File: End Command Execution
[01Feb2022 16:43:55] Command File: Execute Command [Line 368]
[01Feb2022 16:43:55] Command File: Open Project 'C:\mpbComponent\mpbtime\complexity\mpbTimeComplex.smp'
[01Feb2022 16:43:55] Command File: Export Checkpoint Details to XML
[01Feb2022 16:43:56] Export Metrics: Begin XML Details export to file 'C:\mpbComponent\mpbtime\complexity\dump.txt'.
[01Feb2022 16:43:56] Export Metrics: Export Checkpoint 'Alpha One'
[01Feb2022 16:43:56] Export Metrics: Export Checkpoint 'Checkpoint14'
[01Feb2022 16:43:56] Command File: End Command Execution
[01Feb2022 16:43:56] Command File: End Commands
[01Feb2022 16:43:56] Command File: End Command File Processing
[01Feb2022 16:43:56] ****** SourceMonitor (V3.5.16.49): ****** End Session
